2025-06-25 20:29:29.2421 [INFO; Root]  KinematicSoup Technologies Inc.
2025-06-25 20:29:29.2559 [INFO; Root]  Scene Fusion Server 2.0.3asl
2025-06-25 20:29:29.3187 [DEBUG; Root]  Loading Asset Scripts
2025-06-25 20:29:29.3222 [DEBUG; Root]  Loading Room Configs
2025-06-25 20:29:29.3256 [DEBUG; Root]  Loading entity prefabs
2025-06-25 20:29:29.3258 [DEBUG; Root]  Loading entity instances
2025-06-25 20:29:29.3266 [DEBUG; Root]  Initializing scripts
2025-06-25 20:29:29.3456 [INFO; Root]  Loading config.json
2025-06-25 20:29:29.3460 [INFO; Root]  ProjectId: 1
2025-06-25 20:29:29.3461 [INFO; Root]  Tier: SF Unity LAN
2025-06-25 20:29:29.3462 [INFO; Root]  Terrain Editing: True
2025-06-25 20:29:29.3463 [INFO; Root]  Object Limit: Unlimited
2025-06-25 20:29:29.4559 [DEBUG; Root]  Room setup complete
2025-06-25 20:29:29.4573 [INFO;  .⁋]  Starting room 0
2025-06-25 20:29:29.4573 [INFO; Root]  Sending client updates every 6 frames
2025-06-25 20:29:29.4575 [INFO; Root]  Setting player limit to 2
2025-06-25 20:29:29.4576 [INFO; Root]  Opening TCP port 5555
2025-06-25 20:29:31.0441 [INFO; Root]  Client(id = 1, address = ::1:61069) connected
2025-06-25 20:29:31.0447 [DEBUG; Root]  Client(id = 1, address = ::1:61069) model validated
2025-06-25 20:29:31.0807 [DEBUG; Root]  Client(id = 1, address = ::1:61069) authenticated
2025-06-25 20:29:31.0993 [INFO; KS.SceneFusion2.Server.srAuthenticationManager]  Connection [account = awsedf awsedf, address = ::1]
2025-06-25 20:29:31.1998 [DEBUG; KS.SceneFusion2.Server.srObjectManager]  Created 1 object(s).
Total: 80 B (1), SceneSubscriptions: 41 B (1), String Table: 39 B
2025-06-25 20:29:31.2033 [DEBUG; KS.SceneFusion2.Server.srObjectManager]  Created 1 object(s).
Total: 105 B (2), String Table: 48 B, SceneSubscriptions: 41 B (1), SceneLock: 16 B (1)
2025-06-25 20:29:31.2046 [DEBUG; KS.SceneFusion2.Server.srObjectManager]  Created 1 object(s).
Total: 362 B (3), Avatar: 174 B (1), String Table: 131 B, SceneSubscriptions: 41 B (1), SceneLock: 16 B (1)
2025-06-25 20:29:31.3204 [DEBUG; KS.SceneFusion2.Server.srObjectManager]  Created 1 object(s).
Total: 546 B (4), String Table: 245 B, Avatar: 174 B (1), SceneSubscriptions: 57 B (1), AssetPath: 54 B (1), SceneLock: 16 B (1)
2025-06-25 20:29:31.3206 [DEBUG; KS.SceneFusion2.Server.srObjectManager]  Created 1 object(s).
Total: 665 B (5), String Table: 310 B, Avatar: 174 B (1), AssetPath: 108 B (2), SceneSubscriptions: 57 B (1), SceneLock: 16 B (1)
2025-06-25 20:29:31.3234 [DEBUG; KS.SceneFusion2.Server.srObjectManager]  Created 12 object(s).
Total: 4,29 kB (17), String Table: 2,1 kB, LightmapSettings: 836 B (1), RenderSettings: 474 B (1), Component: 304 B (5), Avatar: 174 B (1), GameObject: 114 B (2), AssetPath: 108 B (2), OcclusionSettings: 67 B (1), SceneSubscriptions: 57 B (1), Scene: 24 B (1), SceneLock: 16 B (1), Hierarchy: 16 B (1)
2025-06-25 20:29:35.6499 [INFO; Root]  Client(id = 1, address = ::1:61069) disconnected: 2-End of file
2025-06-25 20:29:35.6621 [INFO; KS.SceneFusion2.Server.srAuthenticationManager]  Disconnection [account = awsedf awsedf, address = ::1]
2025-06-25 20:29:35.6752 [DEBUG; KS.SceneFusion2.Server.srObjectManager]  Deleted 2 object(s).
Total: 4,06 kB (15), String Table: 2,1 kB, LightmapSettings: 836 B (1), RenderSettings: 474 B (1), Component: 304 B (5), GameObject: 114 B (2), AssetPath: 108 B (2), OcclusionSettings: 67 B (1), Scene: 24 B (1), SceneLock: 16 B (1), Hierarchy: 16 B (1)
2025-06-25 20:29:35.6775 [INFO; KS.SceneFusion2.Server.srAuthenticationManager]  Shutting down because no users are connected.
2025-06-25 20:29:35.7302 [INFO;  .⁋]  Stopping room 0
2025-06-25 20:29:35.7317 [DEBUG; KS.SceneFusion2.Server.srAnalytics]  Sending analytics data...
2025-06-25 20:29:55.0361 [ERROR; KS.SceneFusion2.Server.srAnalytics]  The SSL connection could not be established, see inner exception.
2025-06-25 20:29:58.1993 [INFO; Root]  Closing TCP port 5555
