2025-06-25 20:27:18.2267 [INFO; Root]  KinematicSoup Technologies Inc.
2025-06-25 20:27:18.2362 [INFO; Root]  Scene Fusion Server 2.0.3asl
2025-06-25 20:27:18.2923 [DEBUG; Root]  Loading Asset Scripts
2025-06-25 20:27:18.2946 [DEBUG; Root]  Loading Room Configs
2025-06-25 20:27:18.2975 [DEBUG; Root]  Loading entity prefabs
2025-06-25 20:27:18.2977 [DEBUG; Root]  Loading entity instances
2025-06-25 20:27:18.2985 [DEBUG; Root]  Initializing scripts
2025-06-25 20:27:18.3147 [INFO; Root]  Loading config.json
2025-06-25 20:27:18.3150 [INFO; Root]  ProjectId: 1
2025-06-25 20:27:18.3150 [INFO; Root]  Tier: SF Unity LAN
2025-06-25 20:27:18.3151 [INFO; Root]  Terrain Editing: True
2025-06-25 20:27:18.3152 [INFO; Root]  Object Limit: Unlimited
2025-06-25 20:27:18.4097 [DEBUG; Root]  Room setup complete
2025-06-25 20:27:18.4109 [INFO;  .⁋]  Starting room 0
2025-06-25 20:27:18.4110 [INFO; Root]  Sending client updates every 6 frames
2025-06-25 20:27:18.4112 [INFO; Root]  Setting player limit to 2
2025-06-25 20:27:18.4113 [INFO; Root]  Opening TCP port 5555
2025-06-25 20:27:19.3655 [INFO; Root]  Client(id = 1, address = ::1:60966) connected
2025-06-25 20:27:19.3708 [DEBUG; Root]  Client(id = 1, address = ::1:60966) model validated
2025-06-25 20:27:19.4060 [DEBUG; Root]  Client(id = 1, address = ::1:60966) authenticated
2025-06-25 20:27:19.4153 [INFO; KS.SceneFusion2.Server.srAuthenticationManager]  Connection [account = awsedf awsedf, address = ::1]
2025-06-25 20:27:20.4053 [DEBUG; KS.SceneFusion2.Server.srObjectManager]  Created 1 object(s).
Total: 80 B (1), SceneSubscriptions: 41 B (1), String Table: 39 B
2025-06-25 20:27:20.4080 [DEBUG; KS.SceneFusion2.Server.srObjectManager]  Created 1 object(s).
Total: 105 B (2), String Table: 48 B, SceneSubscriptions: 41 B (1), SceneLock: 16 B (1)
2025-06-25 20:27:20.4091 [DEBUG; KS.SceneFusion2.Server.srObjectManager]  Created 1 object(s).
Total: 362 B (3), Avatar: 174 B (1), String Table: 131 B, SceneSubscriptions: 41 B (1), SceneLock: 16 B (1)
2025-06-25 20:27:20.5078 [DEBUG; KS.SceneFusion2.Server.srObjectManager]  Created 1 object(s).
Total: 546 B (4), String Table: 245 B, Avatar: 174 B (1), SceneSubscriptions: 57 B (1), AssetPath: 54 B (1), SceneLock: 16 B (1)
2025-06-25 20:27:20.5079 [DEBUG; KS.SceneFusion2.Server.srObjectManager]  Created 1 object(s).
Total: 665 B (5), String Table: 310 B, Avatar: 174 B (1), AssetPath: 108 B (2), SceneSubscriptions: 57 B (1), SceneLock: 16 B (1)
2025-06-25 20:27:20.5107 [DEBUG; KS.SceneFusion2.Server.srObjectManager]  Created 12 object(s).
Total: 4,29 kB (17), String Table: 2,1 kB, LightmapSettings: 836 B (1), RenderSettings: 474 B (1), Component: 304 B (5), Avatar: 174 B (1), GameObject: 114 B (2), AssetPath: 108 B (2), OcclusionSettings: 67 B (1), SceneSubscriptions: 57 B (1), Scene: 24 B (1), SceneLock: 16 B (1), Hierarchy: 16 B (1)
2025-06-25 20:29:19.0601 [INFO; Root]  Client(id = 1, address = ::1:60966) disconnected: 2-End of file
2025-06-25 20:29:19.0732 [INFO; KS.SceneFusion2.Server.srAuthenticationManager]  Disconnection [account = awsedf awsedf, address = ::1]
2025-06-25 20:29:19.0831 [DEBUG; KS.SceneFusion2.Server.srObjectManager]  Deleted 2 object(s).
Total: 4,06 kB (15), String Table: 2,1 kB, LightmapSettings: 836 B (1), RenderSettings: 474 B (1), Component: 304 B (5), GameObject: 114 B (2), AssetPath: 108 B (2), OcclusionSettings: 67 B (1), Scene: 24 B (1), SceneLock: 16 B (1), Hierarchy: 16 B (1)
2025-06-25 20:29:19.0864 [INFO; KS.SceneFusion2.Server.srAuthenticationManager]  Shutting down because no users are connected.
2025-06-25 20:29:19.1078 [INFO;  .⁋]  Stopping room 0
2025-06-25 20:29:19.1168 [DEBUG; KS.SceneFusion2.Server.srAnalytics]  Sending analytics data...
